

Started GET "/users" for 127.0.0.1 at 2011-03-27 10:40:43 +0200

ActionController::RoutingError (No route matches "/users"):
  

Rendered /Users/Marcus/.rvm/gems/ruby-1.9.2-p0@rails3tutorial/gems/actionpack-3.0.5/lib/action_dispatch/middleware/templates/rescues/routing_error.erb within rescues/layout (1.0ms)


Started GET "/photoblog/" for 127.0.0.1 at 2011-03-27 10:41:00 +0200

ActionController::RoutingError (No route matches "/photoblog"):
  

Rendered /Users/Marcus/.rvm/gems/ruby-1.9.2-p0@rails3tutorial/gems/actionpack-3.0.5/lib/action_dispatch/middleware/templates/rescues/routing_error.erb within rescues/layout (0.8ms)


Started GET "/show" for 127.0.0.1 at 2011-03-27 16:32:15 +0200

ActionController::RoutingError (No route matches "/show"):
  

Rendered /Users/Marcus/.rvm/gems/ruby-1.9.2-p0@rails3tutorial/gems/actionpack-3.0.5/lib/action_dispatch/middleware/templates/rescues/routing_error.erb within rescues/layout (0.8ms)


Started GET "/show" for 127.0.0.1 at 2011-03-27 16:33:42 +0200

ActionController::RoutingError (No route matches "/show"):
  

Rendered /Users/Marcus/.rvm/gems/ruby-1.9.2-p0@rails3tutorial/gems/actionpack-3.0.5/lib/action_dispatch/middleware/templates/rescues/routing_error.erb within rescues/layout (0.7ms)


Started GET "/show.rb" for 127.0.0.1 at 2011-03-27 17:18:20 +0200

ActionController::RoutingError (No route matches "/show.rb"):
  

Rendered /Users/Marcus/.rvm/gems/ruby-1.9.2-p0@rails3tutorial/gems/actionpack-3.0.5/lib/action_dispatch/middleware/templates/rescues/routing_error.erb within rescues/layout (0.9ms)


Started GET "/show.rb" for 127.0.0.1 at 2011-03-27 17:38:57 +0200

ActionController::RoutingError (No route matches "/show.rb"):
  

Rendered /Users/Marcus/.rvm/gems/ruby-1.9.2-p0@rails3tutorial/gems/actionpack-3.0.5/lib/action_dispatch/middleware/templates/rescues/routing_error.erb within rescues/layout (0.8ms)


Started GET "/greetings/show.rb" for 127.0.0.1 at 2011-03-27 17:39:04 +0200
  Processing by GreetingsController#show as 
  Parameters: {"id"=>"show"}
Completed   in 7ms

SyntaxError (/Users/Marcus/Fachhochschule/Semester_3/Web/photoblog/app/models/greeting.rb:8: syntax error, unexpected $end, expecting keyword_end):
  app/controllers/greetings_controller.rb:16:in `show'

Rendered /Users/Marcus/.rvm/gems/ruby-1.9.2-p0@rails3tutorial/gems/actionpack-3.0.5/lib/action_dispatch/middleware/templates/rescues/_trace.erb (1.1ms)
Rendered /Users/Marcus/.rvm/gems/ruby-1.9.2-p0@rails3tutorial/gems/actionpack-3.0.5/lib/action_dispatch/middleware/templates/rescues/_request_and_response.erb (2.1ms)
Rendered /Users/Marcus/.rvm/gems/ruby-1.9.2-p0@rails3tutorial/gems/actionpack-3.0.5/lib/action_dispatch/middleware/templates/rescues/diagnostics.erb within rescues/layout (8.5ms)
  [1m[36mSQL (0.2ms)[0m  [1m SELECT name
 FROM sqlite_master
 WHERE type = 'table' AND NOT name = 'sqlite_sequence'
[0m
  [1m[35mSQL (0.1ms)[0m  select sqlite_version(*)
  [1m[36mSQL (1.9ms)[0m  [1mCREATE TABLE "schema_migrations" ("version" varchar(255) NOT NULL) [0m
  [1m[35mSQL (0.0ms)[0m  PRAGMA index_list("schema_migrations")
  [1m[36mSQL (1.8ms)[0m  [1mCREATE UNIQUE INDEX "unique_schema_migrations" ON "schema_migrations" ("version")[0m
  [1m[35mSQL (0.1ms)[0m   SELECT name
 FROM sqlite_master
 WHERE type = 'table' AND NOT name = 'sqlite_sequence'
  [1m[36mSQL (0.2ms)[0m  [1m SELECT name
 FROM sqlite_master
 WHERE type = 'table' AND NOT name = 'sqlite_sequence'
[0m
  [1m[35mSQL (0.1ms)[0m   SELECT name
 FROM sqlite_master
 WHERE type = 'table' AND NOT name = 'sqlite_sequence'
  [1m[36mSQL (0.1ms)[0m  [1mSELECT "schema_migrations"."version" FROM "schema_migrations"[0m
  [1m[35mSQL (0.1ms)[0m   SELECT name
 FROM sqlite_master
 WHERE type = 'table' AND NOT name = 'sqlite_sequence'
  [1m[36mSQL (0.4ms)[0m  [1m SELECT name
 FROM sqlite_master
 WHERE type = 'table' AND NOT name = 'sqlite_sequence'
[0m
  [1m[35mSQL (0.1ms)[0m   SELECT name
 FROM sqlite_master
 WHERE type = 'table' AND NOT name = 'sqlite_sequence'
  [1m[36mSQL (0.1ms)[0m  [1mSELECT "schema_migrations"."version" FROM "schema_migrations"[0m
Migrating to CreatePosts (20110327160905)
  [1m[35mSQL (0.0ms)[0m  select sqlite_version(*)
  [1m[36mSQL (0.4ms)[0m  [1mCREATE TABLE "posts" ("id" INTEGER PRIMARY KEY AUTOINCREMENT NOT NULL, "title" varchar(255), "description" text, "date" datetime, "image" varchar(255), "thumbnail" varchar(255)) [0m
  [1m[35mSQL (0.1ms)[0m  INSERT INTO "schema_migrations" ("version") VALUES ('20110327160905')
  [1m[36mSQL (0.1ms)[0m  [1m SELECT name
 FROM sqlite_master
 WHERE type = 'table' AND NOT name = 'sqlite_sequence'
[0m
  [1m[35mSQL (0.1ms)[0m  SELECT "schema_migrations"."version" FROM "schema_migrations"
  [1m[36mSQL (0.1ms)[0m  [1m SELECT name
 FROM sqlite_master
 WHERE type = 'table' AND NOT name = 'sqlite_sequence'
[0m
  [1m[35mSQL (0.0ms)[0m  PRAGMA index_list("posts")
